<?xml version="1.0" encoding="UTF-8"?>
<coverage generated="1545277376396" clover="3.2.0">
  <project timestamp="1545277376397" name="All files">
    <metrics statements="27" coveredstatements="24" conditionals="8" coveredconditionals="4" methods="7" coveredmethods="7" elements="42" coveredelements="35" complexity="0" loc="27" ncloc="27" packages="1" files="1" classes="1">
      <file name="reader-fixed.js" path="/mnt/c/Users/rkgal/codefellows/401/lab/03-async/lib/reader-fixed.js">
        <metrics statements="27" coveredstatements="24" conditionals="8" coveredconditionals="4" methods="7" coveredmethods="7"/>
        <line num="3" count="1" type="stmt"/>
        <line num="4" count="1" type="stmt"/>
        <line num="9" count="1" type="stmt"/>
        <line num="10" count="2" type="stmt"/>
        <line num="11" count="2" type="stmt"/>
        <line num="19" count="1" type="stmt"/>
        <line num="20" count="6" type="stmt"/>
        <line num="21" count="6" type="cond" truecount="1" falsecount="1"/>
        <line num="22" count="6" type="stmt"/>
        <line num="31" count="1" type="stmt"/>
        <line num="33" count="2" type="stmt"/>
        <line num="34" count="2" type="stmt"/>
        <line num="35" count="2" type="cond" truecount="1" falsecount="1"/>
        <line num="36" count="0" type="stmt"/>
        <line num="39" count="2" type="stmt"/>
        <line num="40" count="2" type="stmt"/>
        <line num="41" count="2" type="stmt"/>
        <line num="42" count="2" type="cond" truecount="1" falsecount="1"/>
        <line num="43" count="0" type="stmt"/>
        <line num="46" count="2" type="stmt"/>
        <line num="47" count="2" type="stmt"/>
        <line num="48" count="2" type="stmt"/>
        <line num="49" count="2" type="cond" truecount="1" falsecount="1"/>
        <line num="50" count="0" type="stmt"/>
        <line num="53" count="2" type="stmt"/>
        <line num="54" count="2" type="stmt"/>
        <line num="82" count="2" type="stmt"/>
      </file>
    </metrics>
  </project>
</coverage>
