{"/mnt/c/Users/rkgal/codefellows/401/lab/03-async/lib/reader-fixed.js": {"path":"/mnt/c/Users/rkgal/codefellows/401/lab/03-async/lib/reader-fixed.js","statementMap":{"0":{"start":{"line":3,"column":11},"end":{"line":3,"column":24}},"1":{"start":{"line":4,"column":15},"end":{"line":4,"column":17}},"2":{"start":{"line":9,"column":0},"end":{"line":12,"column":2}},"3":{"start":{"line":10,"column":2},"end":{"line":10,"column":34}},"4":{"start":{"line":11,"column":2},"end":{"line":11,"column":16}},"5":{"start":{"line":19,"column":16},"end":{"line":24,"column":1}},"6":{"start":{"line":20,"column":2},"end":{"line":23,"column":5}},"7":{"start":{"line":21,"column":4},"end":{"line":22,"column":39}},"8":{"start":{"line":21,"column":14},"end":{"line":21,"column":28}},"9":{"start":{"line":22,"column":11},"end":{"line":22,"column":37}},"10":{"start":{"line":31,"column":16},"end":{"line":83,"column":1}},"11":{"start":{"line":33,"column":17},"end":{"line":33,"column":19}},"12":{"start":{"line":34,"column":2},"end":{"line":60,"column":5}},"13":{"start":{"line":35,"column":4},"end":{"line":59,"column":5}},"14":{"start":{"line":36,"column":6},"end":{"line":36,"column":20}},"15":{"start":{"line":39,"column":6},"end":{"line":39,"column":33}},"16":{"start":{"line":40,"column":6},"end":{"line":40,"column":44}},"17":{"start":{"line":41,"column":6},"end":{"line":58,"column":9}},"18":{"start":{"line":42,"column":8},"end":{"line":57,"column":9}},"19":{"start":{"line":43,"column":10},"end":{"line":43,"column":24}},"20":{"start":{"line":46,"column":10},"end":{"line":46,"column":37}},"21":{"start":{"line":47,"column":10},"end":{"line":47,"column":48}},"22":{"start":{"line":48,"column":10},"end":{"line":56,"column":13}},"23":{"start":{"line":49,"column":12},"end":{"line":55,"column":13}},"24":{"start":{"line":50,"column":14},"end":{"line":50,"column":28}},"25":{"start":{"line":53,"column":14},"end":{"line":53,"column":41}},"26":{"start":{"line":54,"column":14},"end":{"line":54,"column":52}},"27":{"start":{"line":82,"column":2},"end":{"line":82,"column":27}}},"fnMap":{"0":{"name":"(anonymous_0)","decl":{"start":{"line":9,"column":27},"end":{"line":9,"column":28}},"loc":{"start":{"line":9,"column":48},"end":{"line":12,"column":1}},"line":9},"1":{"name":"(anonymous_1)","decl":{"start":{"line":19,"column":16},"end":{"line":19,"column":17}},"loc":{"start":{"line":19,"column":36},"end":{"line":24,"column":1}},"line":19},"2":{"name":"(anonymous_2)","decl":{"start":{"line":20,"column":21},"end":{"line":20,"column":22}},"loc":{"start":{"line":20,"column":36},"end":{"line":23,"column":3}},"line":20},"3":{"name":"(anonymous_3)","decl":{"start":{"line":31,"column":16},"end":{"line":31,"column":17}},"loc":{"start":{"line":31,"column":37},"end":{"line":83,"column":1}},"line":31},"4":{"name":"(anonymous_4)","decl":{"start":{"line":34,"column":20},"end":{"line":34,"column":21}},"loc":{"start":{"line":34,"column":35},"end":{"line":60,"column":3}},"line":34},"5":{"name":"(anonymous_5)","decl":{"start":{"line":41,"column":24},"end":{"line":41,"column":25}},"loc":{"start":{"line":41,"column":39},"end":{"line":58,"column":7}},"line":41},"6":{"name":"(anonymous_6)","decl":{"start":{"line":48,"column":28},"end":{"line":48,"column":29}},"loc":{"start":{"line":48,"column":43},"end":{"line":56,"column":11}},"line":48}},"branchMap":{"0":{"loc":{"start":{"line":21,"column":4},"end":{"line":22,"column":39}},"type":"if","locations":[{"start":{"line":21,"column":4},"end":{"line":22,"column":39}},{"start":{"line":21,"column":4},"end":{"line":22,"column":39}}],"line":21},"1":{"loc":{"start":{"line":35,"column":4},"end":{"line":59,"column":5}},"type":"if","locations":[{"start":{"line":35,"column":4},"end":{"line":59,"column":5}},{"start":{"line":35,"column":4},"end":{"line":59,"column":5}}],"line":35},"2":{"loc":{"start":{"line":42,"column":8},"end":{"line":57,"column":9}},"type":"if","locations":[{"start":{"line":42,"column":8},"end":{"line":57,"column":9}},{"start":{"line":42,"column":8},"end":{"line":57,"column":9}}],"line":42},"3":{"loc":{"start":{"line":49,"column":12},"end":{"line":55,"column":13}},"type":"if","locations":[{"start":{"line":49,"column":12},"end":{"line":55,"column":13}},{"start":{"line":49,"column":12},"end":{"line":55,"column":13}}],"line":49}},"s":{"0":1,"1":1,"2":1,"3":2,"4":2,"5":1,"6":6,"7":6,"8":0,"9":6,"10":1,"11":2,"12":2,"13":2,"14":0,"15":2,"16":2,"17":2,"18":2,"19":0,"20":2,"21":2,"22":2,"23":2,"24":0,"25":2,"26":2,"27":2},"f":{"0":2,"1":6,"2":6,"3":2,"4":2,"5":2,"6":2},"b":{"0":[0,6],"1":[0,2],"2":[0,2],"3":[0,2]},"_coverageSchema":"332fd63041d2c1bcb487cc26dd0d5f7d97098a6c","hash":"de32cd5e41a92c2105a814151c9168a84baf617d"}
}
